2023-12-26 19:58:46 Loading main app package /usr/lib/obsidian/obsidian.asar
2023-12-26 19:58:47 Checking for update using Github
2023-12-26 19:58:48 Success.
2023-12-26 19:58:48 Latest version is 1.5.3
2023-12-26 19:58:48 App is up to date.
2023-12-26 21:01:57 Loading main app package /usr/lib/obsidian/obsidian.asar
2023-12-26 21:01:57 Checking for update using Github
2023-12-26 21:01:57 Success.
2023-12-26 21:01:57 Latest version is 1.5.3
2023-12-26 21:01:57 App is up to date.
2023-12-26 22:01:57 Checking for update using Github
2023-12-26 22:02:02 Success.
2023-12-26 22:02:02 Latest version is 1.5.3
2023-12-26 22:02:02 App is up to date.
2023-12-26 23:01:57 Checking for update using Github
2023-12-26 23:01:57 Success.
2023-12-26 23:01:57 Latest version is 1.5.3
2023-12-26 23:01:57 App is up to date.
2023-12-27 00:01:57 Checking for update using Github
2023-12-27 00:01:57 Success.
2023-12-27 00:01:57 Latest version is 1.5.3
2023-12-27 00:01:57 App is up to date.
2023-12-27 01:01:57 Checking for update using Github
2023-12-27 01:01:57 Success.
2023-12-27 01:01:57 Latest version is 1.5.3
2023-12-27 01:01:57 App is up to date.
2023-12-27 02:01:57 Checking for update using Github
2023-12-27 02:01:57 Success.
2023-12-27 02:01:57 Latest version is 1.5.3
2023-12-27 02:01:57 App is up to date.
2023-12-27 03:01:57 Checking for update using Github
2023-12-27 03:01:57 Success.
2023-12-27 03:01:57 Latest version is 1.5.3
2023-12-27 03:01:57 App is up to date.
2023-12-27 04:01:57 Checking for update using Github
2023-12-27 04:01:58 Success.
2023-12-27 04:01:58 Latest version is 1.5.3
2023-12-27 04:01:58 App is up to date.
2023-12-27 05:01:57 Checking for update using Github
2023-12-27 05:01:58 Success.
2023-12-27 05:01:58 Latest version is 1.5.3
2023-12-27 05:01:58 App is up to date.
2023-12-27 06:01:58 Checking for update using Github
2023-12-27 06:01:58 Success.
2023-12-27 06:01:58 Latest version is 1.5.3
2023-12-27 06:01:58 App is up to date.
2023-12-27 07:01:58 Checking for update using Github
2023-12-27 07:01:58 Success.
2023-12-27 07:01:58 Latest version is 1.5.3
2023-12-27 07:01:58 App is up to date.
2023-12-27 08:01:58 Checking for update using Github
2023-12-27 08:01:58 Success.
2023-12-27 08:01:58 Latest version is 1.5.3
2023-12-27 08:01:58 App is up to date.
2023-12-27 09:01:58 Checking for update using Github
2023-12-27 09:01:58 Success.
2023-12-27 09:01:58 Latest version is 1.5.3
2023-12-27 09:01:58 App is up to date.
2023-12-27 10:01:58 Checking for update using Github
2023-12-27 10:01:58 Success.
2023-12-27 10:01:58 Latest version is 1.5.3
2023-12-27 10:01:58 App is up to date.
2023-12-27 11:01:58 Checking for update using Github
2023-12-27 11:01:58 Success.
2023-12-27 11:01:58 Latest version is 1.5.3
2023-12-27 11:01:58 App is up to date.
2023-12-27 12:01:58 Checking for update using Github
2023-12-27 12:01:58 Success.
2023-12-27 12:01:58 Latest version is 1.5.3
2023-12-27 12:01:58 App is up to date.
2023-12-27 13:01:58 Checking for update using Github
2023-12-27 13:01:58 Success.
2023-12-27 13:01:58 Latest version is 1.5.3
2023-12-27 13:01:58 App is up to date.
2023-12-27 14:01:58 Checking for update using Github
2023-12-27 14:01:58 Success.
2023-12-27 14:01:58 Latest version is 1.5.3
2023-12-27 14:01:58 App is up to date.
2023-12-27 15:01:58 Checking for update using Github
2023-12-27 15:01:59 Success.
2023-12-27 15:01:59 Latest version is 1.5.3
2023-12-27 15:01:59 App is up to date.
2023-12-27 16:01:58 Checking for update using Github
2023-12-27 16:01:59 Success.
2023-12-27 16:01:59 Latest version is 1.5.3
2023-12-27 16:01:59 App is up to date.
2023-12-27 17:01:59 Checking for update using Github
2023-12-27 17:01:59 Success.
2023-12-27 17:01:59 Latest version is 1.5.3
2023-12-27 17:01:59 App is up to date.
2023-12-27 18:01:59 Checking for update using Github
2023-12-27 18:01:59 Success.
2023-12-27 18:01:59 Latest version is 1.5.3
2023-12-27 18:01:59 App is up to date.
2023-12-27 19:01:59 Checking for update using Github
2023-12-27 19:01:59 Success.
2023-12-27 19:01:59 Latest version is 1.5.3
2023-12-27 19:01:59 App is up to date.
2023-12-27 20:01:59 Checking for update using Github
2023-12-27 20:01:59 Success.
2023-12-27 20:01:59 Latest version is 1.5.3
2023-12-27 20:01:59 App is up to date.
2023-12-27 21:01:59 Checking for update using Github
2023-12-27 21:01:59 Success.
2023-12-27 21:01:59 Latest version is 1.5.3
2023-12-27 21:01:59 App is up to date.
2023-12-27 22:01:59 Checking for update using Github
2023-12-27 22:01:59 Success.
2023-12-27 22:01:59 Latest version is 1.5.3
2023-12-27 22:01:59 App is up to date.
2023-12-27 23:01:59 Checking for update using Github
2023-12-27 23:01:59 Success.
2023-12-27 23:01:59 Latest version is 1.5.3
2023-12-27 23:01:59 App is up to date.
2023-12-28 00:01:59 Checking for update using Github
2023-12-28 00:01:59 Success.
2023-12-28 00:01:59 Latest version is 1.5.3
2023-12-28 00:01:59 App is up to date.
2023-12-28 01:01:59 Checking for update using Github
2023-12-28 01:01:59 Success.
2023-12-28 01:01:59 Latest version is 1.5.3
2023-12-28 01:01:59 App is up to date.
2023-12-28 02:01:59 Checking for update using Github
2023-12-28 02:01:59 Success.
2023-12-28 02:01:59 Latest version is 1.5.3
2023-12-28 02:01:59 App is up to date.
2023-12-28 03:01:59 Checking for update using Github
2023-12-28 03:02:00 Success.
2023-12-28 03:02:00 Latest version is 1.5.3
2023-12-28 03:02:00 App is up to date.
2023-12-28 04:01:59 Checking for update using Github
2023-12-28 04:02:00 Success.
2023-12-28 04:02:00 Latest version is 1.5.3
2023-12-28 04:02:00 App is up to date.
2023-12-28 05:01:59 Checking for update using Github
2023-12-28 05:02:00 Success.
2023-12-28 05:02:00 Latest version is 1.5.3
2023-12-28 05:02:00 App is up to date.
2023-12-28 06:02:00 Checking for update using Github
2023-12-28 06:02:00 Success.
2023-12-28 06:02:00 Latest version is 1.5.3
2023-12-28 06:02:00 App is up to date.
2023-12-28 07:02:00 Checking for update using Github
2023-12-28 07:02:00 Success.
2023-12-28 07:02:00 Latest version is 1.5.3
2023-12-28 07:02:00 App is up to date.
2023-12-28 08:02:00 Checking for update using Github
2023-12-28 08:02:00 Success.
2023-12-28 08:02:00 Latest version is 1.5.3
2023-12-28 08:02:00 App is up to date.
2023-12-28 09:02:00 Checking for update using Github
2023-12-28 09:02:00 Success.
2023-12-28 09:02:00 Latest version is 1.5.3
2023-12-28 09:02:00 App is up to date.
2023-12-28 10:02:00 Checking for update using Github
2023-12-28 10:02:00 Success.
2023-12-28 10:02:00 Latest version is 1.5.3
2023-12-28 10:02:00 App is up to date.
2023-12-28 11:02:00 Checking for update using Github
2023-12-28 11:02:00 Success.
2023-12-28 11:02:00 Latest version is 1.5.3
2023-12-28 11:02:00 App is up to date.
2023-12-28 12:02:00 Checking for update using Github
2023-12-28 12:02:00 Success.
2023-12-28 12:02:00 Latest version is 1.5.3
2023-12-28 12:02:00 App is up to date.
2023-12-28 13:02:00 Checking for update using Github
2023-12-28 13:02:00 Success.
2023-12-28 13:02:00 Latest version is 1.5.3
2023-12-28 13:02:00 App is up to date.
2023-12-28 14:02:00 Checking for update using Github
2023-12-28 14:02:00 Success.
2023-12-28 14:02:00 Latest version is 1.5.3
2023-12-28 14:02:00 App is up to date.
2023-12-28 15:02:00 Checking for update using Github
2023-12-28 15:02:00 Success.
2023-12-28 15:02:00 Latest version is 1.5.3
2023-12-28 15:02:00 App is up to date.
2023-12-28 16:02:00 Checking for update using Github
2023-12-28 16:02:01 Success.
2023-12-28 16:02:01 Latest version is 1.5.3
2023-12-28 16:02:01 App is up to date.
2023-12-28 17:02:00 Checking for update using Github
2023-12-28 17:02:01 Success.
2023-12-28 17:02:01 Latest version is 1.5.3
2023-12-28 17:02:01 App is up to date.
2023-12-28 18:02:01 Checking for update using Github
2023-12-28 18:02:01 Success.
2023-12-28 18:02:01 Latest version is 1.5.3
2023-12-28 18:02:01 App is up to date.
2023-12-28 19:02:01 Checking for update using Github
2023-12-28 19:02:01 Success.
2023-12-28 19:02:01 Latest version is 1.5.3
2023-12-28 19:02:01 App is up to date.
2023-12-28 20:02:01 Checking for update using Github
2023-12-28 20:02:01 Success.
2023-12-28 20:02:01 Latest version is 1.5.3
2023-12-28 20:02:01 App is up to date.
2023-12-28 21:02:01 Checking for update using Github
2023-12-28 21:02:01 Success.
2023-12-28 21:02:01 Latest version is 1.5.3
2023-12-28 21:02:01 App is up to date.
2023-12-28 22:02:01 Checking for update using Github
2023-12-28 22:02:01 Success.
2023-12-28 22:02:01 Latest version is 1.5.3
2023-12-28 22:02:01 App is up to date.
2023-12-28 23:02:01 Checking for update using Github
2023-12-28 23:02:01 Success.
2023-12-28 23:02:01 Latest version is 1.5.3
2023-12-28 23:02:01 App is up to date.
2023-12-29 00:02:01 Checking for update using Github
2023-12-29 00:02:01 Success.
2023-12-29 00:02:01 Latest version is 1.5.3
2023-12-29 00:02:01 App is up to date.
2023-12-29 01:02:01 Checking for update using Github
2023-12-29 01:02:01 Success.
2023-12-29 01:02:01 Latest version is 1.5.3
2023-12-29 01:02:01 App is up to date.
2023-12-29 02:02:01 Checking for update using Github
2023-12-29 02:02:02 Success.
2023-12-29 02:02:02 Latest version is 1.5.3
2023-12-29 02:02:02 App is up to date.
2023-12-29 03:02:01 Checking for update using Github
2023-12-29 03:02:02 Success.
2023-12-29 03:02:02 Latest version is 1.5.3
2023-12-29 03:02:02 App is up to date.
2023-12-29 04:02:02 Checking for update using Github
2023-12-29 04:02:02 Success.
2023-12-29 04:02:02 Latest version is 1.5.3
2023-12-29 04:02:02 App is up to date.
2023-12-29 05:02:02 Checking for update using Github
2023-12-29 05:02:02 Success.
2023-12-29 05:02:02 Latest version is 1.5.3
2023-12-29 05:02:02 App is up to date.
2023-12-29 06:02:02 Checking for update using Github
2023-12-29 06:02:02 Success.
2023-12-29 06:02:02 Latest version is 1.5.3
2023-12-29 06:02:02 App is up to date.
2023-12-29 07:02:02 Checking for update using Github
2023-12-29 07:02:02 Success.
2023-12-29 07:02:02 Latest version is 1.5.3
2023-12-29 07:02:02 App is up to date.
2023-12-29 08:02:02 Checking for update using Github
2023-12-29 08:02:02 Success.
2023-12-29 08:02:02 Latest version is 1.5.3
2023-12-29 08:02:02 App is up to date.
2023-12-29 09:02:02 Checking for update using Github
2023-12-29 09:02:02 Success.
2023-12-29 09:02:02 Latest version is 1.5.3
2023-12-29 09:02:02 App is up to date.
2023-12-29 10:02:02 Checking for update using Github
2023-12-29 10:02:02 Success.
2023-12-29 10:02:02 Latest version is 1.5.3
2023-12-29 10:02:02 App is up to date.
2023-12-29 11:02:02 Checking for update using Github
2023-12-29 11:02:02 Success.
2023-12-29 11:02:02 Latest version is 1.5.3
2023-12-29 11:02:02 App is up to date.
2023-12-29 12:02:02 Checking for update using Github
2023-12-29 12:02:02 Success.
2023-12-29 12:02:02 Latest version is 1.5.3
2023-12-29 12:02:02 App is up to date.
2023-12-29 13:02:02 Checking for update using Github
2023-12-29 13:02:02 Success.
2023-12-29 13:02:02 Latest version is 1.5.3
2023-12-29 13:02:02 App is up to date.
2023-12-29 14:02:02 Checking for update using Github
2023-12-29 14:02:03 Success.
2023-12-29 14:02:03 Latest version is 1.5.3
2023-12-29 14:02:03 App is up to date.
2023-12-29 15:02:03 Checking for update using Github
2023-12-29 15:02:03 Success.
2023-12-29 15:02:03 Latest version is 1.5.3
2023-12-29 15:02:03 App is up to date.
2023-12-29 16:02:03 Checking for update using Github
2023-12-29 16:02:03 Success.
2023-12-29 16:02:03 Latest version is 1.5.3
2023-12-29 16:02:03 App is up to date.
2023-12-29 17:02:03 Checking for update using Github
2023-12-29 17:02:03 Success.
2023-12-29 17:02:03 Latest version is 1.5.3
2023-12-29 17:02:03 App is up to date.
2023-12-29 18:02:03 Checking for update using Github
2023-12-29 18:02:03 Success.
2023-12-29 18:02:03 Latest version is 1.5.3
2023-12-29 18:02:03 App is up to date.
2023-12-29 19:02:03 Checking for update using Github
2023-12-29 19:02:03 Success.
2023-12-29 19:02:03 Latest version is 1.5.3
2023-12-29 19:02:03 App is up to date.
2023-12-29 20:02:03 Checking for update using Github
2023-12-29 20:02:03 Success.
2023-12-29 20:02:03 Latest version is 1.5.3
2023-12-29 20:02:03 App is up to date.
2023-12-29 21:02:03 Checking for update using Github
2023-12-29 21:02:03 Success.
2023-12-29 21:02:03 Latest version is 1.5.3
2023-12-29 21:02:03 App is up to date.
2023-12-29 22:02:03 Checking for update using Github
2023-12-29 22:02:03 Success.
2023-12-29 22:02:03 Latest version is 1.5.3
2023-12-29 22:02:03 App is up to date.
2023-12-29 23:02:03 Checking for update using Github
2023-12-29 23:02:03 Success.
2023-12-29 23:02:03 Latest version is 1.5.3
2023-12-29 23:02:03 App is up to date.
2023-12-30 00:02:03 Checking for update using Github
2023-12-30 00:02:04 Success.
2023-12-30 00:02:04 Latest version is 1.5.3
2023-12-30 00:02:04 App is up to date.
2023-12-30 01:02:04 Checking for update using Github
2023-12-30 01:02:04 Success.
2023-12-30 01:02:04 Latest version is 1.5.3
2023-12-30 01:02:04 App is up to date.
2023-12-30 02:02:04 Checking for update using Github
2023-12-30 02:02:04 Success.
2023-12-30 02:02:04 Latest version is 1.5.3
2023-12-30 02:02:04 App is up to date.
2023-12-30 03:02:04 Checking for update using Github
2023-12-30 03:02:04 Success.
2023-12-30 03:02:04 Latest version is 1.5.3
2023-12-30 03:02:04 App is up to date.
2023-12-30 04:02:04 Checking for update using Github
2023-12-30 04:02:04 Success.
2023-12-30 04:02:04 Latest version is 1.5.3
2023-12-30 04:02:04 App is up to date.
2023-12-30 05:02:04 Checking for update using Github
2023-12-30 05:02:04 Success.
2023-12-30 05:02:04 Latest version is 1.5.3
2023-12-30 05:02:04 App is up to date.
2023-12-30 06:02:04 Checking for update using Github
2023-12-30 06:02:04 Success.
2023-12-30 06:02:04 Latest version is 1.5.3
2023-12-30 06:02:04 App is up to date.
2023-12-30 07:02:04 Checking for update using Github
2023-12-30 07:02:04 Success.
2023-12-30 07:02:04 Latest version is 1.5.3
2023-12-30 07:02:04 App is up to date.
2023-12-30 08:02:04 Checking for update using Github
2023-12-30 08:02:04 Success.
2023-12-30 08:02:04 Latest version is 1.5.3
2023-12-30 08:02:04 App is up to date.
2023-12-30 09:02:04 Checking for update using Github
2023-12-30 09:02:05 Success.
2023-12-30 09:02:05 Latest version is 1.5.3
2023-12-30 09:02:05 App is up to date.
2023-12-30 10:02:04 Checking for update using Github
2023-12-30 10:02:05 Success.
2023-12-30 10:02:05 Latest version is 1.5.3
2023-12-30 10:02:05 App is up to date.
2023-12-30 11:02:05 Checking for update using Github
2023-12-30 11:02:05 Success.
2023-12-30 11:02:05 Latest version is 1.5.3
2023-12-30 11:02:05 App is up to date.
2023-12-30 12:02:05 Checking for update using Github
2023-12-30 12:02:05 Success.
2023-12-30 12:02:05 Latest version is 1.5.3
2023-12-30 12:02:05 App is up to date.
2023-12-30 13:02:05 Checking for update using Github
2023-12-30 13:02:05 Success.
2023-12-30 13:02:05 Latest version is 1.5.3
2023-12-30 13:02:05 App is up to date.
2023-12-30 14:02:05 Checking for update using Github
2023-12-30 14:02:05 Success.
2023-12-30 14:02:05 Latest version is 1.5.3
2023-12-30 14:02:05 App is up to date.
2023-12-30 15:02:05 Checking for update using Github
2023-12-30 15:02:05 Success.
2023-12-30 15:02:05 Latest version is 1.5.3
2023-12-30 15:02:05 App is up to date.
2023-12-30 16:02:05 Checking for update using Github
2023-12-30 16:02:05 Success.
2023-12-30 16:02:05 Latest version is 1.5.3
2023-12-30 16:02:05 App is up to date.
2023-12-30 17:02:05 Checking for update using Github
2023-12-30 17:02:05 Success.
2023-12-30 17:02:05 Latest version is 1.5.3
2023-12-30 17:02:05 App is up to date.
2023-12-30 18:02:05 Checking for update using Github
2023-12-30 18:02:05 Success.
2023-12-30 18:02:05 Latest version is 1.5.3
2023-12-30 18:02:05 App is up to date.
2023-12-30 19:02:05 Checking for update using Github
2023-12-30 19:02:05 Success.
2023-12-30 19:02:05 Latest version is 1.5.3
2023-12-30 19:02:05 App is up to date.
2023-12-30 20:02:05 Checking for update using Github
2023-12-30 20:02:06 Success.
2023-12-30 20:02:06 Latest version is 1.5.3
2023-12-30 20:02:06 App is up to date.
2023-12-30 21:02:05 Checking for update using Github
2023-12-30 21:02:06 Success.
2023-12-30 21:02:06 Latest version is 1.5.3
2023-12-30 21:02:06 App is up to date.
2023-12-30 22:02:06 Checking for update using Github
2023-12-30 22:02:06 Success.
2023-12-30 22:02:06 Latest version is 1.5.3
2023-12-30 22:02:06 App is up to date.
2023-12-30 23:02:06 Checking for update using Github
2023-12-30 23:02:06 Success.
2023-12-30 23:02:06 Latest version is 1.5.3
2023-12-30 23:02:06 App is up to date.
2023-12-31 00:02:06 Checking for update using Github
2023-12-31 00:02:06 Success.
2023-12-31 00:02:06 Latest version is 1.5.3
2023-12-31 00:02:06 App is up to date.
2023-12-31 01:02:06 Checking for update using Github
2023-12-31 01:02:06 Success.
2023-12-31 01:02:06 Latest version is 1.5.3
2023-12-31 01:02:06 App is up to date.
2023-12-31 02:02:06 Checking for update using Github
2023-12-31 02:02:06 Success.
2023-12-31 02:02:06 Latest version is 1.5.3
2023-12-31 02:02:06 App is up to date.
2023-12-31 03:02:06 Checking for update using Github
2023-12-31 03:02:06 Success.
2023-12-31 03:02:06 Latest version is 1.5.3
2023-12-31 03:02:06 App is up to date.
2023-12-31 04:02:06 Checking for update using Github
2023-12-31 04:02:06 Success.
2023-12-31 04:02:06 Latest version is 1.5.3
2023-12-31 04:02:06 App is up to date.
2023-12-31 05:02:06 Checking for update using Github
2023-12-31 05:02:06 Success.
2023-12-31 05:02:06 Latest version is 1.5.3
2023-12-31 05:02:06 App is up to date.
2024-01-13 02:22:22 Loading main app package /usr/lib/obsidian/obsidian.asar
2024-01-13 02:22:22 Checking for update using Github
2024-01-13 02:22:27 Success.
2024-01-13 02:22:27 Latest version is 1.5.3
2024-01-13 02:22:27 App is up to date.
2024-01-13 03:22:22 Checking for update using Github
2024-01-13 03:22:22 Success.
2024-01-13 03:22:22 Latest version is 1.5.3
2024-01-13 03:22:22 App is up to date.
2024-01-13 04:22:22 Checking for update using Github
2024-01-13 04:22:22 Success.
2024-01-13 04:22:22 Latest version is 1.5.3
2024-01-13 04:22:22 App is up to date.
2024-01-13 05:22:22 Checking for update using Github
2024-01-13 05:22:22 Success.
2024-01-13 05:22:22 Latest version is 1.5.3
2024-01-13 05:22:22 App is up to date.
2024-01-13 06:22:22 Checking for update using Github
2024-01-13 06:22:22 Success.
2024-01-13 06:22:22 Latest version is 1.5.3
2024-01-13 06:22:22 App is up to date.
2024-01-13 07:22:22 Checking for update using Github
2024-01-13 07:22:22 Success.
2024-01-13 07:22:22 Latest version is 1.5.3
2024-01-13 07:22:22 App is up to date.
2024-01-13 08:22:22 Checking for update using Github
2024-01-13 08:22:22 Success.
2024-01-13 08:22:22 Latest version is 1.5.3
2024-01-13 08:22:22 App is up to date.
2024-01-13 09:22:22 Checking for update using Github
2024-01-13 09:22:22 Success.
2024-01-13 09:22:22 Latest version is 1.5.3
2024-01-13 09:22:22 App is up to date.
2024-01-13 10:22:22 Checking for update using Github
2024-01-13 10:22:23 Success.
2024-01-13 10:22:23 Latest version is 1.5.3
2024-01-13 10:22:23 App is up to date.
2024-01-13 11:22:22 Checking for update using Github
2024-01-13 11:22:23 Success.
2024-01-13 11:22:23 Latest version is 1.5.3
2024-01-13 11:22:23 App is up to date.
2024-01-13 12:22:23 Checking for update using Github
2024-01-13 12:22:23 Success.
2024-01-13 12:22:23 Latest version is 1.5.3
2024-01-13 12:22:23 App is up to date.
2024-01-13 13:22:23 Checking for update using Github
2024-01-13 13:22:23 Success.
2024-01-13 13:22:23 Latest version is 1.5.3
2024-01-13 13:22:23 App is up to date.
2024-01-13 14:22:23 Checking for update using Github
2024-01-13 14:22:23 Success.
2024-01-13 14:22:23 Latest version is 1.5.3
2024-01-13 14:22:23 App is up to date.
2024-01-13 15:22:23 Checking for update using Github
2024-01-13 15:22:23 Success.
2024-01-13 15:22:23 Latest version is 1.5.3
2024-01-13 15:22:23 App is up to date.
2024-01-13 16:22:23 Checking for update using Github
2024-01-13 16:22:23 Success.
2024-01-13 16:22:23 Latest version is 1.5.3
2024-01-13 16:22:23 App is up to date.
2024-01-13 17:22:23 Checking for update using Github
2024-01-13 17:22:23 Success.
2024-01-13 17:22:23 Latest version is 1.5.3
2024-01-13 17:22:23 App is up to date.
2024-01-13 18:22:23 Checking for update using Github
2024-01-13 18:22:23 Success.
2024-01-13 18:22:23 Latest version is 1.5.3
2024-01-13 18:22:23 App is up to date.
2024-01-13 19:22:23 Checking for update using Github
2024-01-13 19:22:23 Success.
2024-01-13 19:22:23 Latest version is 1.5.3
2024-01-13 19:22:23 App is up to date.
2024-01-13 20:22:23 Checking for update using Github
2024-01-13 20:22:23 Success.
2024-01-13 20:22:23 Latest version is 1.5.3
2024-01-13 20:22:23 App is up to date.
2024-01-13 21:03:33 Loading main app package /usr/lib/obsidian/obsidian.asar
2024-01-13 21:03:40 Checking for update using Github
2024-01-13 21:03:43 Success.
2024-01-13 21:03:43 Latest version is 1.5.3
2024-01-13 21:03:43 App is up to date.
2024-01-13 22:03:33 Checking for update using Github
2024-01-13 22:03:33 Success.
2024-01-13 22:03:33 Latest version is 1.5.3
2024-01-13 22:03:33 App is up to date.
2024-01-13 23:03:33 Checking for update using Github
2024-01-13 23:03:33 Success.
2024-01-13 23:03:33 Latest version is 1.5.3
2024-01-13 23:03:33 App is up to date.
2024-01-14 00:03:33 Checking for update using Github
2024-01-14 00:03:33 Success.
2024-01-14 00:03:33 Latest version is 1.5.3
2024-01-14 00:03:33 App is up to date.
2024-01-14 01:03:33 Checking for update using Github
2024-01-14 01:03:33 Success.
2024-01-14 01:03:33 Latest version is 1.5.3
2024-01-14 01:03:33 App is up to date.
2024-01-14 02:03:33 Checking for update using Github
2024-01-14 02:03:33 Success.
2024-01-14 02:03:33 Latest version is 1.5.3
2024-01-14 02:03:33 App is up to date.
2024-01-14 03:03:33 Checking for update using Github
2024-01-14 03:03:34 Success.
2024-01-14 03:03:34 Latest version is 1.5.3
2024-01-14 03:03:34 App is up to date.
2024-01-14 04:03:33 Checking for update using Github
2024-01-14 04:03:34 Success.
2024-01-14 04:03:34 Latest version is 1.5.3
2024-01-14 04:03:34 App is up to date.
2024-01-14 05:03:34 Checking for update using Github
2024-01-14 05:03:34 Success.
2024-01-14 05:03:34 Latest version is 1.5.3
2024-01-14 05:03:34 App is up to date.
2024-01-14 06:03:34 Checking for update using Github
2024-01-14 06:03:34 Success.
2024-01-14 06:03:34 Latest version is 1.5.3
2024-01-14 06:03:34 App is up to date.
2024-01-14 07:03:34 Checking for update using Github
2024-01-14 07:03:34 Success.
2024-01-14 07:03:34 Latest version is 1.5.3
2024-01-14 07:03:34 App is up to date.
2024-01-14 08:03:34 Checking for update using Github
2024-01-14 08:03:34 Success.
2024-01-14 08:03:34 Latest version is 1.5.3
2024-01-14 08:03:34 App is up to date.
2024-01-14 09:03:34 Checking for update using Github
2024-01-14 09:03:34 Success.
2024-01-14 09:03:34 Latest version is 1.5.3
2024-01-14 09:03:34 App is up to date.
2024-01-14 10:03:34 Checking for update using Github
2024-01-14 10:03:34 Success.
2024-01-14 10:03:34 Latest version is 1.5.3
2024-01-14 10:03:34 App is up to date.
2024-01-14 11:03:34 Checking for update using Github
2024-01-14 11:03:34 Success.
2024-01-14 11:03:34 Latest version is 1.5.3
2024-01-14 11:03:34 App is up to date.
2024-01-14 12:03:34 Checking for update using Github
2024-01-14 12:03:34 Success.
2024-01-14 12:03:34 Latest version is 1.5.3
2024-01-14 12:03:34 App is up to date.
2024-01-14 13:03:34 Checking for update using Github
2024-01-14 13:03:34 Success.
2024-01-14 13:03:34 Latest version is 1.5.3
2024-01-14 13:03:34 App is up to date.
2024-01-14 14:03:34 Checking for update using Github
2024-01-14 14:03:34 Success.
2024-01-14 14:03:34 Latest version is 1.5.3
2024-01-14 14:03:34 App is up to date.
2024-01-14 15:03:34 Checking for update using Github
2024-01-14 15:03:34 Success.
2024-01-14 15:03:34 Latest version is 1.5.3
2024-01-14 15:03:34 App is up to date.
2024-01-14 16:03:34 Checking for update using Github
2024-01-14 16:03:34 Success.
2024-01-14 16:03:34 Latest version is 1.5.3
2024-01-14 16:03:34 App is up to date.
2024-01-14 17:03:34 Checking for update using Github
2024-01-14 17:03:34 Success.
2024-01-14 17:03:34 Latest version is 1.5.3
2024-01-14 17:03:34 App is up to date.
2024-01-14 18:03:34 Checking for update using Github
2024-01-14 18:03:35 Success.
2024-01-14 18:03:35 Latest version is 1.5.3
2024-01-14 18:03:35 App is up to date.
2024-01-14 19:03:35 Checking for update using Github
2024-01-14 19:03:35 Success.
2024-01-14 19:03:35 Latest version is 1.5.3
2024-01-14 19:03:35 App is up to date.
2024-01-14 20:03:35 Checking for update using Github
2024-01-14 20:03:35 Success.
2024-01-14 20:03:35 Latest version is 1.5.3
2024-01-14 20:03:35 App is up to date.
2024-01-14 21:03:35 Checking for update using Github
2024-01-14 21:03:35 Success.
2024-01-14 21:03:35 Latest version is 1.5.3
2024-01-14 21:03:35 App is up to date.
2024-01-14 22:03:35 Checking for update using Github
2024-01-14 22:03:35 Success.
2024-01-14 22:03:35 Latest version is 1.5.3
2024-01-14 22:03:35 App is up to date.
2024-01-14 23:03:35 Checking for update using Github
2024-01-14 23:03:35 Success.
2024-01-14 23:03:35 Latest version is 1.5.3
2024-01-14 23:03:35 App is up to date.
2024-01-15 00:03:35 Checking for update using Github
2024-01-15 00:03:35 Success.
2024-01-15 00:03:35 Latest version is 1.5.3
2024-01-15 00:03:35 App is up to date.
2024-01-15 01:03:35 Checking for update using Github
2024-01-15 01:03:35 Success.
2024-01-15 01:03:35 Latest version is 1.5.3
2024-01-15 01:03:35 App is up to date.
2024-01-15 02:03:35 Checking for update using Github
2024-01-15 02:03:35 Success.
2024-01-15 02:03:35 Latest version is 1.5.3
2024-01-15 02:03:35 App is up to date.
2024-01-15 03:03:35 Checking for update using Github
2024-01-15 03:03:35 Success.
2024-01-15 03:03:35 Latest version is 1.5.3
2024-01-15 03:03:35 App is up to date.
2024-01-15 04:03:35 Checking for update using Github
2024-01-15 04:03:35 Success.
2024-01-15 04:03:35 Latest version is 1.5.3
2024-01-15 04:03:35 App is up to date.
2024-01-15 05:03:35 Checking for update using Github
2024-01-15 05:03:36 Success.
2024-01-15 05:03:36 Latest version is 1.5.3
2024-01-15 05:03:36 App is up to date.
2024-01-15 06:03:35 Checking for update using Github
2024-01-15 06:03:36 Success.
2024-01-15 06:03:36 Latest version is 1.5.3
2024-01-15 06:03:36 App is up to date.
2024-01-15 07:03:36 Checking for update using Github
2024-01-15 07:03:36 Success.
2024-01-15 07:03:36 Latest version is 1.5.3
2024-01-15 07:03:36 App is up to date.
2024-01-15 08:03:36 Checking for update using Github
2024-01-15 08:03:36 Success.
2024-01-15 08:03:36 Latest version is 1.5.3
2024-01-15 08:03:36 App is up to date.
2024-01-15 09:03:36 Checking for update using Github
2024-01-15 09:03:36 Success.
2024-01-15 09:03:36 Latest version is 1.5.3
2024-01-15 09:03:36 App is up to date.
2024-01-15 10:03:36 Checking for update using Github
2024-01-15 10:03:36 Success.
2024-01-15 10:03:36 Latest version is 1.5.3
2024-01-15 10:03:36 App is up to date.
2024-01-15 11:03:36 Checking for update using Github
2024-01-15 11:03:36 Success.
2024-01-15 11:03:36 Latest version is 1.5.3
2024-01-15 11:03:36 App is up to date.
2024-01-15 12:03:36 Checking for update using Github
2024-01-15 12:03:36 Success.
2024-01-15 12:03:36 Latest version is 1.5.3
2024-01-15 12:03:36 App is up to date.
2024-01-15 13:03:36 Checking for update using Github
2024-01-15 13:03:36 Success.
2024-01-15 13:03:36 Latest version is 1.5.3
2024-01-15 13:03:36 App is up to date.
2024-01-15 14:03:36 Checking for update using Github
2024-01-15 14:03:36 Success.
2024-01-15 14:03:36 Latest version is 1.5.3
2024-01-15 14:03:36 App is up to date.
2024-01-15 15:03:36 Checking for update using Github
2024-01-15 15:03:36 Success.
2024-01-15 15:03:36 Latest version is 1.5.3
2024-01-15 15:03:36 App is up to date.
2024-01-15 16:03:36 Checking for update using Github
2024-01-15 16:03:36 Success.
2024-01-15 16:03:36 Latest version is 1.5.3
2024-01-15 16:03:36 App is up to date.
2024-01-15 17:03:36 Checking for update using Github
2024-01-15 17:03:36 Success.
2024-01-15 17:03:36 Latest version is 1.5.3
2024-01-15 17:03:36 App is up to date.
2024-01-15 18:03:36 Checking for update using Github
2024-01-15 18:03:36 Success.
2024-01-15 18:03:36 Latest version is 1.5.3
2024-01-15 18:03:36 App is up to date.
2024-01-15 19:03:36 Checking for update using Github
2024-01-15 19:03:36 Success.
2024-01-15 19:03:36 Latest version is 1.5.3
2024-01-15 19:03:36 App is up to date.
2024-01-15 20:03:36 Checking for update using Github
2024-01-15 20:03:36 Success.
2024-01-15 20:03:36 Latest version is 1.5.3
2024-01-15 20:03:36 App is up to date.
2024-01-15 21:03:36 Checking for update using Github
2024-01-15 21:03:37 Success.
2024-01-15 21:03:37 Latest version is 1.5.3
2024-01-15 21:03:37 App is up to date.
2024-01-15 22:03:36 Checking for update using Github
2024-01-15 22:03:37 Success.
2024-01-15 22:03:37 Latest version is 1.5.3
2024-01-15 22:03:37 App is up to date.
2024-01-15 23:03:36 Checking for update using Github
2024-01-15 23:03:37 Success.
2024-01-15 23:03:37 Latest version is 1.5.3
2024-01-15 23:03:37 App is up to date.
2024-01-16 00:03:36 Checking for update using Github
2024-01-16 00:03:37 Success.
2024-01-16 00:03:37 Latest version is 1.5.3
2024-01-16 00:03:37 App is up to date.
2024-01-16 01:03:36 Checking for update using Github
2024-01-16 01:03:37 Success.
2024-01-16 01:03:37 Latest version is 1.5.3
2024-01-16 01:03:37 App is up to date.
2024-01-16 02:03:37 Checking for update using Github
2024-01-16 02:03:37 Success.
2024-01-16 02:03:37 Latest version is 1.5.3
2024-01-16 02:03:37 App is up to date.
2024-01-16 03:03:37 Checking for update using Github
2024-01-16 03:03:37 Success.
2024-01-16 03:03:37 Latest version is 1.5.3
2024-01-16 03:03:37 App is up to date.
2024-01-16 04:03:37 Checking for update using Github
2024-01-16 04:03:37 Success.
2024-01-16 04:03:37 Latest version is 1.5.3
2024-01-16 04:03:37 App is up to date.
2024-01-16 05:03:37 Checking for update using Github
2024-01-16 05:03:37 Success.
2024-01-16 05:03:37 Latest version is 1.5.3
2024-01-16 05:03:37 App is up to date.
2024-01-16 06:03:37 Checking for update using Github
2024-01-16 06:03:37 Success.
2024-01-16 06:03:37 Latest version is 1.5.3
2024-01-16 06:03:37 App is up to date.
2024-01-16 07:03:37 Checking for update using Github
2024-01-16 07:03:37 Success.
2024-01-16 07:03:37 Latest version is 1.5.3
2024-01-16 07:03:37 App is up to date.
2024-01-16 08:03:37 Checking for update using Github
2024-01-16 08:03:37 Success.
2024-01-16 08:03:37 Latest version is 1.5.3
2024-01-16 08:03:37 App is up to date.
2024-01-16 09:03:37 Checking for update using Github
2024-01-16 09:03:37 Success.
2024-01-16 09:03:37 Latest version is 1.5.3
2024-01-16 09:03:37 App is up to date.
2024-01-16 10:03:37 Checking for update using Github
2024-01-16 10:03:37 Success.
2024-01-16 10:03:37 Latest version is 1.5.3
2024-01-16 10:03:37 App is up to date.
2024-01-16 11:03:37 Checking for update using Github
2024-01-16 11:03:37 Success.
2024-01-16 11:03:37 Latest version is 1.5.3
2024-01-16 11:03:37 App is up to date.
2024-01-16 12:03:37 Checking for update using Github
2024-01-16 12:03:38 Success.
2024-01-16 12:03:38 Latest version is 1.5.3
2024-01-16 12:03:38 App is up to date.
2024-01-16 13:03:37 Checking for update using Github
2024-01-16 13:03:38 Success.
2024-01-16 13:03:38 Latest version is 1.5.3
2024-01-16 13:03:38 App is up to date.
2024-01-16 14:03:38 Checking for update using Github
2024-01-16 14:03:38 Success.
2024-01-16 14:03:38 Latest version is 1.5.3
2024-01-16 14:03:38 App is up to date.
2024-01-16 15:03:38 Checking for update using Github
2024-01-16 15:03:38 Success.
2024-01-16 15:03:38 Latest version is 1.5.3
2024-01-16 15:03:38 App is up to date.
2024-01-16 16:03:38 Checking for update using Github
2024-01-16 16:03:38 Success.
2024-01-16 16:03:38 Latest version is 1.5.3
2024-01-16 16:03:38 App is up to date.
2024-01-16 17:03:38 Checking for update using Github
2024-01-16 17:03:38 Success.
2024-01-16 17:03:38 Latest version is 1.5.3
2024-01-16 17:03:38 App is up to date.
2024-01-16 18:03:38 Checking for update using Github
2024-01-16 18:03:38 Success.
2024-01-16 18:03:38 Latest version is 1.5.3
2024-01-16 18:03:38 App is up to date.
2024-01-16 19:03:38 Checking for update using Github
2024-01-16 19:03:38 Success.
2024-01-16 19:03:38 Latest version is 1.5.3
2024-01-16 19:03:38 App is up to date.
2024-01-16 20:03:38 Checking for update using Github
2024-01-16 20:03:38 Success.
2024-01-16 20:03:38 Latest version is 1.5.3
2024-01-16 20:03:38 App is up to date.
2024-01-16 21:03:38 Checking for update using Github
2024-01-16 21:03:38 Success.
2024-01-16 21:03:38 Latest version is 1.5.3
2024-01-16 21:03:38 App is up to date.
2024-01-16 22:03:38 Checking for update using Github
2024-01-16 22:03:38 Success.
2024-01-16 22:03:38 Latest version is 1.5.3
2024-01-16 22:03:38 App is up to date.
2024-01-16 23:03:38 Checking for update using Github
2024-01-16 23:03:38 Success.
2024-01-16 23:03:38 Latest version is 1.5.3
2024-01-16 23:03:38 App is up to date.
2024-01-17 00:03:38 Checking for update using Github
2024-01-17 00:03:39 Success.
2024-01-17 00:03:39 Latest version is 1.5.3
2024-01-17 00:03:39 App is up to date.
2024-01-17 01:03:38 Checking for update using Github
2024-01-17 01:03:39 Success.
2024-01-17 01:03:39 Latest version is 1.5.3
2024-01-17 01:03:39 App is up to date.
2024-01-17 02:03:38 Checking for update using Github
2024-01-17 02:03:39 Success.
2024-01-17 02:03:39 Latest version is 1.5.3
2024-01-17 02:03:39 App is up to date.
2024-01-17 03:03:39 Checking for update using Github
2024-01-17 03:03:39 Success.
2024-01-17 03:03:39 Latest version is 1.5.3
2024-01-17 03:03:39 App is up to date.
2024-01-17 04:03:39 Checking for update using Github
2024-01-17 04:03:39 Success.
2024-01-17 04:03:39 Latest version is 1.5.3
2024-01-17 04:03:39 App is up to date.
2024-01-17 05:03:39 Checking for update using Github
2024-01-17 05:03:39 Success.
2024-01-17 05:03:39 Latest version is 1.5.3
2024-01-17 05:03:39 App is up to date.
2024-01-17 06:03:39 Checking for update using Github
2024-01-17 06:03:39 Success.
2024-01-17 06:03:39 Latest version is 1.5.3
2024-01-17 06:03:39 App is up to date.
2024-01-17 07:03:39 Checking for update using Github
2024-01-17 07:03:39 Success.
2024-01-17 07:03:39 Latest version is 1.5.3
2024-01-17 07:03:39 App is up to date.
2024-01-17 08:03:39 Checking for update using Github
2024-01-17 08:03:39 Success.
2024-01-17 08:03:39 Latest version is 1.5.3
2024-01-17 08:03:39 App is up to date.
2024-01-17 09:03:39 Checking for update using Github
2024-01-17 09:03:39 Success.
2024-01-17 09:03:39 Latest version is 1.5.3
2024-01-17 09:03:39 App is up to date.
2024-01-17 10:03:39 Checking for update using Github
2024-01-17 10:03:39 Success.
2024-01-17 10:03:39 Latest version is 1.5.3
2024-01-17 10:03:39 App is up to date.
2024-01-17 11:03:39 Checking for update using Github
2024-01-17 11:03:39 Success.
2024-01-17 11:03:39 Latest version is 1.5.3
2024-01-17 11:03:39 App is up to date.
2024-01-17 12:03:39 Checking for update using Github
2024-01-17 12:03:39 Success.
2024-01-17 12:03:39 Latest version is 1.5.3
2024-01-17 12:03:39 App is up to date.
2024-01-17 13:03:39 Checking for update using Github
2024-01-17 13:03:40 Success.
2024-01-17 13:03:40 Latest version is 1.5.3
2024-01-17 13:03:40 App is up to date.
2024-01-17 14:03:39 Checking for update using Github
2024-01-17 14:03:40 Success.
2024-01-17 14:03:40 Latest version is 1.5.3
2024-01-17 14:03:40 App is up to date.
2024-01-17 15:03:39 Checking for update using Github
2024-01-17 15:03:40 Success.
2024-01-17 15:03:40 Latest version is 1.5.3
2024-01-17 15:03:40 App is up to date.
2024-01-17 16:03:40 Checking for update using Github
2024-01-17 16:03:40 Success.
2024-01-17 16:03:40 Latest version is 1.5.3
2024-01-17 16:03:40 App is up to date.
2024-01-17 17:03:40 Checking for update using Github
2024-01-17 17:03:40 Success.
2024-01-17 17:03:40 Latest version is 1.5.3
2024-01-17 17:03:40 App is up to date.
2024-01-17 18:03:40 Checking for update using Github
2024-01-17 18:03:40 Success.
2024-01-17 18:03:40 Latest version is 1.5.3
2024-01-17 18:03:40 App is up to date.
2024-01-17 19:03:40 Checking for update using Github
2024-01-17 19:03:40 Success.
2024-01-17 19:03:40 Latest version is 1.5.3
2024-01-17 19:03:40 App is up to date.
2024-01-17 20:03:40 Checking for update using Github
2024-01-17 20:03:40 Success.
2024-01-17 20:03:40 Latest version is 1.5.3
2024-01-17 20:03:40 App is up to date.
2024-01-17 21:03:40 Checking for update using Github
2024-01-17 21:03:40 Success.
2024-01-17 21:03:40 Latest version is 1.5.3
2024-01-17 21:03:40 App is up to date.
2024-01-17 22:03:40 Checking for update using Github
2024-01-17 22:03:40 Success.
2024-01-17 22:03:40 Latest version is 1.5.3
2024-01-17 22:03:40 App is up to date.
2024-01-17 23:03:40 Checking for update using Github
2024-01-17 23:03:40 Success.
2024-01-17 23:03:40 Latest version is 1.5.3
2024-01-17 23:03:40 App is up to date.
2024-01-18 00:03:40 Checking for update using Github
2024-01-18 00:03:41 Success.
2024-01-18 00:03:41 Latest version is 1.5.3
2024-01-18 00:03:41 App is up to date.
2024-01-18 01:03:40 Checking for update using Github
2024-01-18 01:03:41 Success.
2024-01-18 01:03:41 Latest version is 1.5.3
2024-01-18 01:03:41 App is up to date.
2024-01-18 02:03:41 Checking for update using Github
2024-01-18 02:03:41 Success.
2024-01-18 02:03:41 Latest version is 1.5.3
2024-01-18 02:03:41 App is up to date.
2024-01-18 03:03:41 Checking for update using Github
2024-01-18 03:03:41 Success.
2024-01-18 03:03:41 Latest version is 1.5.3
2024-01-18 03:03:41 App is up to date.
2024-01-18 04:03:41 Checking for update using Github
2024-01-18 04:03:41 Success.
2024-01-18 04:03:41 Latest version is 1.5.3
2024-01-18 04:03:41 App is up to date.
2024-01-18 05:03:41 Checking for update using Github
2024-01-18 05:03:41 Success.
2024-01-18 05:03:41 Latest version is 1.5.3
2024-01-18 05:03:41 App is up to date.
2024-01-18 06:03:41 Checking for update using Github
2024-01-18 06:03:41 Success.
2024-01-18 06:03:41 Latest version is 1.5.3
2024-01-18 06:03:41 App is up to date.
2024-01-18 07:03:41 Checking for update using Github
2024-01-18 07:03:41 Success.
2024-01-18 07:03:41 Latest version is 1.5.3
2024-01-18 07:03:41 App is up to date.
2024-01-18 08:03:41 Checking for update using Github
2024-01-18 08:03:41 Success.
2024-01-18 08:03:41 Latest version is 1.5.3
2024-01-18 08:03:41 App is up to date.
2024-01-18 09:03:41 Checking for update using Github
2024-01-18 09:03:41 Success.
2024-01-18 09:03:41 Latest version is 1.5.3
2024-01-18 09:03:41 App is up to date.
2024-01-18 10:03:41 Checking for update using Github
2024-01-18 10:03:41 Success.
2024-01-18 10:03:41 Latest version is 1.5.3
2024-01-18 10:03:41 App is up to date.
2024-01-18 11:03:41 Checking for update using Github
2024-01-18 11:03:41 Success.
2024-01-18 11:03:41 Latest version is 1.5.3
2024-01-18 11:03:41 App is up to date.
2024-01-18 12:03:41 Checking for update using Github
2024-01-18 12:03:41 Success.
2024-01-18 12:03:41 Latest version is 1.5.3
2024-01-18 12:03:41 App is up to date.
2024-01-18 13:03:41 Checking for update using Github
2024-01-18 13:03:41 Success.
2024-01-18 13:03:41 Latest version is 1.5.3
2024-01-18 13:03:41 App is up to date.
2024-01-18 14:03:41 Checking for update using Github
2024-01-18 14:03:42 Success.
2024-01-18 14:03:42 Latest version is 1.5.3
2024-01-18 14:03:42 App is up to date.
2024-01-18 15:03:41 Checking for update using Github
2024-01-18 15:03:42 Success.
2024-01-18 15:03:42 Latest version is 1.5.3
2024-01-18 15:03:42 App is up to date.
2024-01-18 16:03:41 Checking for update using Github
2024-01-18 16:03:42 Success.
2024-01-18 16:03:42 Latest version is 1.5.3
2024-01-18 16:03:42 App is up to date.
2024-01-18 17:03:42 Checking for update using Github
2024-01-18 17:03:42 Success.
2024-01-18 17:03:42 Latest version is 1.5.3
2024-01-18 17:03:42 App is up to date.
2024-01-18 18:03:42 Checking for update using Github
2024-01-18 18:03:42 Success.
2024-01-18 18:03:42 Latest version is 1.5.3
2024-01-18 18:03:42 App is up to date.
2024-01-18 19:03:42 Checking for update using Github
2024-01-18 19:03:42 Success.
2024-01-18 19:03:42 Latest version is 1.5.3
2024-01-18 19:03:42 App is up to date.
2024-01-18 20:03:42 Checking for update using Github
2024-01-18 20:03:42 Success.
2024-01-18 20:03:42 Latest version is 1.5.3
2024-01-18 20:03:42 App is up to date.
2024-01-18 21:03:42 Checking for update using Github
2024-01-18 21:03:42 Success.
2024-01-18 21:03:42 Latest version is 1.5.3
2024-01-18 21:03:42 App is up to date.
2024-01-18 22:03:42 Checking for update using Github
2024-01-18 22:03:42 Success.
2024-01-18 22:03:42 Latest version is 1.5.3
2024-01-18 22:03:42 App is up to date.
2024-01-18 23:03:42 Checking for update using Github
2024-01-18 23:03:42 Success.
2024-01-18 23:03:42 Latest version is 1.5.3
2024-01-18 23:03:42 App is up to date.
2024-01-19 00:03:42 Checking for update using Github
2024-01-19 00:03:42 Success.
2024-01-19 00:03:42 Latest version is 1.5.3
2024-01-19 00:03:42 App is up to date.
2024-01-19 01:03:42 Checking for update using Github
2024-01-19 01:03:42 Success.
2024-01-19 01:03:42 Latest version is 1.5.3
2024-01-19 01:03:42 App is up to date.
2024-01-19 02:03:42 Checking for update using Github
2024-01-19 02:03:42 Success.
2024-01-19 02:03:42 Latest version is 1.5.3
2024-01-19 02:03:42 App is up to date.
2024-01-19 03:03:42 Checking for update using Github
2024-01-19 03:03:43 Success.
2024-01-19 03:03:43 Latest version is 1.5.3
2024-01-19 03:03:43 App is up to date.
2024-01-19 04:03:42 Checking for update using Github
2024-01-19 04:03:43 Success.
2024-01-19 04:03:43 Latest version is 1.5.3
2024-01-19 04:03:43 App is up to date.
2024-01-19 05:03:42 Checking for update using Github
2024-01-19 05:03:43 Success.
2024-01-19 05:03:43 Latest version is 1.5.3
2024-01-19 05:03:43 App is up to date.
2024-01-19 06:03:43 Checking for update using Github
2024-01-19 06:03:43 Success.
2024-01-19 06:03:43 Latest version is 1.5.3
2024-01-19 06:03:43 App is up to date.
2024-01-19 07:03:43 Checking for update using Github
2024-01-19 07:03:43 Success.
2024-01-19 07:03:43 Latest version is 1.5.3
2024-01-19 07:03:43 App is up to date.
2024-01-19 08:03:43 Checking for update using Github
2024-01-19 08:03:43 Success.
2024-01-19 08:03:43 Latest version is 1.5.3
2024-01-19 08:03:43 App is up to date.
2024-01-19 09:03:43 Checking for update using Github
2024-01-19 09:03:43 Success.
2024-01-19 09:03:43 Latest version is 1.5.3
2024-01-19 09:03:43 App is up to date.
2024-01-19 10:03:43 Checking for update using Github
2024-01-19 10:03:43 Success.
2024-01-19 10:03:43 Latest version is 1.5.3
2024-01-19 10:03:43 App is up to date.
2024-01-19 11:03:43 Checking for update using Github
2024-01-19 11:03:43 Success.
2024-01-19 11:03:43 Latest version is 1.5.3
2024-01-19 11:03:43 App is up to date.
2024-01-20 03:18:11 Loading main app package /usr/lib/obsidian/obsidian.asar
2024-01-20 03:18:11 Checking for update using Github
2024-01-20 03:18:17 Success.
2024-01-20 03:18:17 Latest version is 1.5.3
2024-01-20 03:18:17 App is up to date.
2024-01-20 04:18:11 Checking for update using Github
2024-01-20 04:18:12 Success.
2024-01-20 04:18:12 Latest version is 1.5.3
2024-01-20 04:18:12 App is up to date.
2024-01-20 05:18:11 Checking for update using Github
2024-01-20 05:18:12 Success.
2024-01-20 05:18:12 Latest version is 1.5.3
2024-01-20 05:18:12 App is up to date.
2024-01-20 06:18:12 Checking for update using Github
2024-01-20 06:18:12 Success.
2024-01-20 06:18:12 Latest version is 1.5.3
2024-01-20 06:18:12 App is up to date.
2024-01-20 07:18:12 Checking for update using Github
2024-01-20 07:18:12 Success.
2024-01-20 07:18:12 Latest version is 1.5.3
2024-01-20 07:18:12 App is up to date.
2024-01-20 08:18:12 Checking for update using Github
2024-01-20 08:18:12 Success.
2024-01-20 08:18:12 Latest version is 1.5.3
2024-01-20 08:18:12 App is up to date.
2024-01-20 09:18:12 Checking for update using Github
2024-01-20 09:18:12 Success.
2024-01-20 09:18:12 Latest version is 1.5.3
2024-01-20 09:18:12 App is up to date.
2024-01-20 10:18:12 Checking for update using Github
2024-01-20 10:18:12 Success.
2024-01-20 10:18:12 Latest version is 1.5.3
2024-01-20 10:18:12 App is up to date.
2024-01-20 11:18:12 Checking for update using Github
2024-01-20 11:18:12 Success.
2024-01-20 11:18:12 Latest version is 1.5.3
2024-01-20 11:18:12 App is up to date.
2024-01-20 12:18:12 Checking for update using Github
2024-01-20 12:18:12 Success.
2024-01-20 12:18:12 Latest version is 1.5.3
2024-01-20 12:18:12 App is up to date.
2024-01-20 13:18:12 Checking for update using Github
2024-01-20 13:18:12 Success.
2024-01-20 13:18:12 Latest version is 1.5.3
2024-01-20 13:18:12 App is up to date.
2024-01-20 14:18:12 Checking for update using Github
2024-01-20 14:18:13 Success.
2024-01-20 14:18:13 Latest version is 1.5.3
2024-01-20 14:18:13 App is up to date.
2024-01-20 15:18:12 Checking for update using Github
2024-01-20 15:18:13 Success.
2024-01-20 15:18:13 Latest version is 1.5.3
2024-01-20 15:18:13 App is up to date.
2024-01-20 16:18:13 Checking for update using Github
2024-01-20 16:18:13 Success.
2024-01-20 16:18:13 Latest version is 1.5.3
2024-01-20 16:18:13 App is up to date.
2024-01-20 17:18:13 Checking for update using Github
2024-01-20 17:18:13 Success.
2024-01-20 17:18:13 Latest version is 1.5.3
2024-01-20 17:18:13 App is up to date.
2024-01-20 18:18:13 Checking for update using Github
2024-01-20 18:18:13 Success.
2024-01-20 18:18:13 Latest version is 1.5.3
2024-01-20 18:18:13 App is up to date.
2024-01-20 19:18:13 Checking for update using Github
2024-01-20 19:18:13 Success.
2024-01-20 19:18:13 Latest version is 1.5.3
2024-01-20 19:18:13 App is up to date.
2024-01-20 20:18:13 Checking for update using Github
2024-01-20 20:18:13 Success.
2024-01-20 20:18:13 Latest version is 1.5.3
2024-01-20 20:18:13 App is up to date.
2024-01-20 21:18:13 Checking for update using Github
2024-01-20 21:18:13 Success.
2024-01-20 21:18:13 Latest version is 1.5.3
2024-01-20 21:18:13 App is up to date.
2024-01-20 22:18:13 Checking for update using Github
2024-01-20 22:18:13 Success.
2024-01-20 22:18:13 Latest version is 1.5.3
2024-01-20 22:18:13 App is up to date.
2024-01-20 23:18:13 Checking for update using Github
2024-01-20 23:18:13 Success.
2024-01-20 23:18:13 Latest version is 1.5.3
2024-01-20 23:18:13 App is up to date.
2024-01-21 00:18:13 Checking for update using Github
2024-01-21 00:18:13 Success.
2024-01-21 00:18:13 Latest version is 1.5.3
2024-01-21 00:18:13 App is up to date.
2024-01-21 01:18:13 Checking for update using Github
2024-01-21 01:18:14 Success.
2024-01-21 01:18:14 Latest version is 1.5.3
2024-01-21 01:18:14 App is up to date.
2024-01-21 02:18:14 Checking for update using Github
2024-01-21 02:18:14 Success.
2024-01-21 02:18:14 Latest version is 1.5.3
2024-01-21 02:18:14 App is up to date.
2024-01-21 03:18:14 Checking for update using Github
2024-01-21 03:18:14 Success.
2024-01-21 03:18:14 Latest version is 1.5.3
2024-01-21 03:18:14 App is up to date.
2024-01-21 04:18:14 Checking for update using Github
2024-01-21 04:18:14 Success.
2024-01-21 04:18:14 Latest version is 1.5.3
2024-01-21 04:18:14 App is up to date.
2024-01-21 05:18:14 Checking for update using Github
2024-01-21 05:18:14 Success.
2024-01-21 05:18:14 Latest version is 1.5.3
2024-01-21 05:18:14 App is up to date.
2024-01-21 06:18:14 Checking for update using Github
2024-01-21 06:18:14 Success.
2024-01-21 06:18:14 Latest version is 1.5.3
2024-01-21 06:18:14 App is up to date.
2024-01-21 07:18:14 Checking for update using Github
2024-01-21 07:18:14 Success.
2024-01-21 07:18:14 Latest version is 1.5.3
2024-01-21 07:18:14 App is up to date.
2024-01-21 08:18:14 Checking for update using Github
2024-01-21 08:18:14 Success.
2024-01-21 08:18:14 Latest version is 1.5.3
2024-01-21 08:18:14 App is up to date.
2024-01-21 09:18:14 Checking for update using Github
2024-01-21 09:18:14 Success.
2024-01-21 09:18:14 Latest version is 1.5.3
2024-01-21 09:18:14 App is up to date.
2024-01-21 10:18:14 Checking for update using Github
2024-01-21 10:18:14 Success.
2024-01-21 10:18:14 Latest version is 1.5.3
2024-01-21 10:18:14 App is up to date.
2024-01-21 11:18:14 Checking for update using Github
2024-01-21 11:18:14 Success.
2024-01-21 11:18:14 Latest version is 1.5.3
2024-01-21 11:18:14 App is up to date.
2024-01-21 12:18:14 Checking for update using Github
2024-01-21 12:18:15 Success.
2024-01-21 12:18:15 Latest version is 1.5.3
2024-01-21 12:18:15 App is up to date.
2024-01-21 13:18:15 Checking for update using Github
2024-01-21 13:18:15 Success.
2024-01-21 13:18:15 Latest version is 1.5.3
2024-01-21 13:18:15 App is up to date.
2024-01-21 14:18:15 Checking for update using Github
2024-01-21 14:18:15 Success.
2024-01-21 14:18:15 Latest version is 1.5.3
2024-01-21 14:18:15 App is up to date.
2024-01-21 15:18:15 Checking for update using Github
2024-01-21 15:18:15 Success.
2024-01-21 15:18:15 Latest version is 1.5.3
2024-01-21 15:18:15 App is up to date.
2024-01-21 16:18:15 Checking for update using Github
2024-01-21 16:18:15 Success.
2024-01-21 16:18:15 Latest version is 1.5.3
2024-01-21 16:18:15 App is up to date.
2024-01-21 17:18:15 Checking for update using Github
2024-01-21 17:18:15 Success.
2024-01-21 17:18:15 Latest version is 1.5.3
2024-01-21 17:18:15 App is up to date.
2024-01-21 18:18:15 Checking for update using Github
2024-01-21 18:18:15 Success.
2024-01-21 18:18:15 Latest version is 1.5.3
2024-01-21 18:18:15 App is up to date.
2024-01-21 19:18:15 Checking for update using Github
2024-01-21 19:18:15 Success.
2024-01-21 19:18:15 Latest version is 1.5.3
2024-01-21 19:18:15 App is up to date.
2024-01-21 20:18:15 Checking for update using Github
2024-01-21 20:18:15 Success.
2024-01-21 20:18:15 Latest version is 1.5.3
2024-01-21 20:18:15 App is up to date.
2024-01-22 17:58:16 Loading main app package /usr/lib/obsidian/obsidian.asar
2024-01-22 17:58:19 Checking for update using Github
2024-01-22 17:58:25 Success.
2024-01-22 17:58:25 Latest version is 1.5.3
2024-01-22 17:58:25 App is up to date.
2024-01-22 18:58:16 Checking for update using Github
2024-01-22 18:58:16 Success.
2024-01-22 18:58:16 Latest version is 1.5.3
2024-01-22 18:58:16 App is up to date.
2024-01-22 19:58:16 Checking for update using Github
2024-01-22 19:58:16 Success.
2024-01-22 19:58:16 Latest version is 1.5.3
2024-01-22 19:58:16 App is up to date.
2024-01-22 20:58:16 Checking for update using Github
2024-01-22 20:58:16 Success.
2024-01-22 20:58:16 Latest version is 1.5.3
2024-01-22 20:58:16 App is up to date.
2024-01-22 21:58:16 Checking for update using Github
2024-01-22 21:58:16 Success.
2024-01-22 21:58:16 Latest version is 1.5.3
2024-01-22 21:58:16 App is up to date.
